<?xml version="1.0" encoding="UTF-8"?>
<!-- Generated by org.testng.reporters.JUnitXMLReporter -->
<testsuite hostname="DESKTOP-KFK5AMQ" ignored="0" name="Default test" tests="10" failures="0" timestamp="05 Mar 2023 06:19:35 GMT" time="0.068" errors="0">
  <testcase name="@BeforeClass beforeClass" time="0.0" classname="com.orangehrm.employee.Employee_01_Add_Edit_Employee_User">
    <failure type="org.testng.TestNGException" message="
Parameter &amp;apos;browser&amp;apos; is required by BeforeClass on method beforeClass but has not been marked @Optional or defined
in C:\Users\tavan\AppData\Local\Temp\testng-eclipse--605050815\testng-customsuite.xml">
      <![CDATA[org.testng.TestNGException: 
Parameter 'browser' is required by BeforeClass on method beforeClass but has not been marked @Optional or defined
in C:\Users\tavan\AppData\Local\Temp\testng-eclipse--605050815\testng-customsuite.xml
at org.testng.internal.Parameters.createParams(Parameters.java:290)
at org.testng.internal.Parameters.createParametersForMethod(Parameters.java:359)
at org.testng.internal.Parameters.createParameters(Parameters.java:620)
at org.testng.internal.Parameters.createConfigurationParameters(Parameters.java:190)
at org.testng.internal.Invoker.invokeConfigurations(Invoker.java:209)
at org.testng.internal.Invoker.invokeConfigurations(Invoker.java:142)
at org.testng.internal.TestMethodWorker.invokeBeforeClassMethods(TestMethodWorker.java:168)
at org.testng.internal.TestMethodWorker.run(TestMethodWorker.java:105)
at org.testng.TestRunner.privateRun(TestRunner.java:648)
at org.testng.TestRunner.run(TestRunner.java:505)
at org.testng.SuiteRunner.runTest(SuiteRunner.java:455)
at org.testng.SuiteRunner.runSequentially(SuiteRunner.java:450)
at org.testng.SuiteRunner.privateRun(SuiteRunner.java:415)
at org.testng.SuiteRunner.run(SuiteRunner.java:364)
at org.testng.SuiteRunnerWorker.runSuite(SuiteRunnerWorker.java:52)
at org.testng.SuiteRunnerWorker.run(SuiteRunnerWorker.java:84)
at org.testng.TestNG.runSuitesSequentially(TestNG.java:1208)
at org.testng.TestNG.runSuitesLocally(TestNG.java:1137)
at org.testng.TestNG.runSuites(TestNG.java:1049)
at org.testng.TestNG.run(TestNG.java:1017)
at org.testng.remote.AbstractRemoteTestNG.run(AbstractRemoteTestNG.java:115)
at org.testng.remote.RemoteTestNG.initAndRun(RemoteTestNG.java:251)
at org.testng.remote.RemoteTestNG.main(RemoteTestNG.java:77)
]]>
    </failure>
  </testcase> <!-- @BeforeClass beforeClass -->
  <testcase name="@AfterClass afterClass" time="0.003" classname="com.orangehrm.employee.Employee_01_Add_Edit_Employee_User">
    <failure type="java.lang.IllegalArgumentException" message="Empty command">
      <![CDATA[java.lang.IllegalArgumentException: Empty command
at java.lang.Runtime.exec(Unknown Source)
at java.lang.Runtime.exec(Unknown Source)
at commons.BaseTest.closeBrowserAndDriver(BaseTest.java:268)
at com.orangehrm.employee.Employee_01_Add_Edit_Employee_User.afterClass(Employee_01_Add_Edit_Employee_User.java:92)
at sun.reflect.NativeMethodAccessorImpl.invoke0(Native Method)
at sun.reflect.NativeMethodAccessorImpl.invoke(Unknown Source)
at sun.reflect.DelegatingMethodAccessorImpl.invoke(Unknown Source)
at java.lang.reflect.Method.invoke(Unknown Source)
at org.testng.internal.MethodInvocationHelper.invokeMethod(MethodInvocationHelper.java:124)
at org.testng.internal.MethodInvocationHelper.invokeMethodConsideringTimeout(MethodInvocationHelper.java:59)
at org.testng.internal.Invoker.invokeConfigurationMethod(Invoker.java:458)
at org.testng.internal.Invoker.invokeConfigurations(Invoker.java:222)
at org.testng.internal.Invoker.invokeConfigurations(Invoker.java:142)
at org.testng.internal.TestMethodWorker.invokeAfterClassMethods(TestMethodWorker.java:214)
at org.testng.internal.TestMethodWorker.run(TestMethodWorker.java:111)
at org.testng.TestRunner.privateRun(TestRunner.java:648)
at org.testng.TestRunner.run(TestRunner.java:505)
at org.testng.SuiteRunner.runTest(SuiteRunner.java:455)
at org.testng.SuiteRunner.runSequentially(SuiteRunner.java:450)
at org.testng.SuiteRunner.privateRun(SuiteRunner.java:415)
at org.testng.SuiteRunner.run(SuiteRunner.java:364)
at org.testng.SuiteRunnerWorker.runSuite(SuiteRunnerWorker.java:52)
at org.testng.SuiteRunnerWorker.run(SuiteRunnerWorker.java:84)
at org.testng.TestNG.runSuitesSequentially(TestNG.java:1208)
at org.testng.TestNG.runSuitesLocally(TestNG.java:1137)
at org.testng.TestNG.runSuites(TestNG.java:1049)
at org.testng.TestNG.run(TestNG.java:1017)
at org.testng.remote.AbstractRemoteTestNG.run(AbstractRemoteTestNG.java:115)
at org.testng.remote.RemoteTestNG.initAndRun(RemoteTestNG.java:251)
at org.testng.remote.RemoteTestNG.main(RemoteTestNG.java:77)
]]>
    </failure>
  </testcase> <!-- @AfterClass afterClass -->
  <testcase name="Employee_01_Add_Employee" time="0.0" classname="com.orangehrm.employee.Employee_01_Add_Edit_Employee_User">
    <skipped/>
  </testcase> <!-- Employee_01_Add_Employee -->
  <testcase name="Employee_02_Search_Employee" time="0.0" classname="com.orangehrm.employee.Employee_01_Add_Edit_Employee_User">
    <skipped/>
  </testcase> <!-- Employee_02_Search_Employee -->
  <testcase name="Employee_03_Edit_Employee_By_Personal" time="0.0" classname="com.orangehrm.employee.Employee_01_Add_Edit_Employee_User">
    <skipped/>
  </testcase> <!-- Employee_03_Edit_Employee_By_Personal -->
  <testcase name="Employee_04_Edit_Employee_By_Contact" time="0.0" classname="com.orangehrm.employee.Employee_01_Add_Edit_Employee_User">
    <skipped/>
  </testcase> <!-- Employee_04_Edit_Employee_By_Contact -->
  <testcase name="Employee_05_Edit_Employee_By_Job" time="0.0" classname="com.orangehrm.employee.Employee_01_Add_Edit_Employee_User">
    <skipped/>
  </testcase> <!-- Employee_05_Edit_Employee_By_Job -->
  <testcase name="Employee_06_Edit_Employee_By_Salary" time="0.0" classname="com.orangehrm.employee.Employee_01_Add_Edit_Employee_User">
    <skipped/>
  </testcase> <!-- Employee_06_Edit_Employee_By_Salary -->
  <testcase name="Employee_07_Add_User_To_Employee" time="0.0" classname="com.orangehrm.employee.Employee_01_Add_Edit_Employee_User">
    <skipped/>
  </testcase> <!-- Employee_07_Add_User_To_Employee -->
  <testcase name="Employee_08_Search_User" time="0.0" classname="com.orangehrm.employee.Employee_01_Add_Edit_Employee_User">
    <skipped/>
  </testcase> <!-- Employee_08_Search_User -->
  <testcase name="Employee_09_Delete_User" time="0.0" classname="com.orangehrm.employee.Employee_01_Add_Edit_Employee_User">
    <skipped/>
  </testcase> <!-- Employee_09_Delete_User -->
  <testcase name="Employee_10_Delete_Employee" time="0.0" classname="com.orangehrm.employee.Employee_01_Add_Edit_Employee_User">
    <skipped/>
  </testcase> <!-- Employee_10_Delete_Employee -->
</testsuite> <!-- Default test -->
