<?xml version="1.0" encoding="UTF-8"?>
<testng-results skipped="0" failed="2" ignored="0" total="10" passed="8">
  <reporter-output>
    <line>
      <![CDATA[[INFO ] [2023-03-07 19:53:12,691] Pre-Condition - Step 01: Input to Username textbox
<br>]]>
    </line>
    <line>
      <![CDATA[[INFO ] [2023-03-07 19:53:13,793] Pre-Condition - Step 02: Input to Password textbox
<br>]]>
    </line>
    <line>
      <![CDATA[[INFO ] [2023-03-07 19:53:13,998] Pre-Condition - Step 03: Click to Login button
<br>]]>
    </line>
    <line>
      <![CDATA[[INFO ] [2023-03-07 19:53:14,178] Add Employee - Step 01: Click to PIM link
<br>]]>
    </line>
    <line>
      <![CDATA[[INFO ] [2023-03-07 19:53:45,685] Edit Employee - Step 01: Enter to 'First Name' textbox with new value: Selenium98987
<br>]]>
    </line>
    <line>
      <![CDATA[[INFO ] [2023-03-07 19:53:45,715] OS name = windows 10
<br>]]>
    </line>
    <line>
      <![CDATA[[INFO ] [2023-03-07 19:53:45,715] Driver instance name = windows 10
<br>]]>
    </line>
    <line>
      <![CDATA[[INFO ] [2023-03-07 19:53:45,730] no such window: target window already closed
from unknown error: web view not found
  (Session info: chrome=110.0.5481.178)
Build info: version: '3.141.59', revision: 'e82be7d358', time: '2018-11-14T08:25:53'
System info: host: 'DESKTOP-KFK5AMQ', ip: '192.168.1.103', os.name: 'Windows 10', os.arch: 'amd64', os.version: '10.0', java.version: '1.8.0_271'
Driver info: org.openqa.selenium.chrome.ChromeDriver
Capabilities {acceptInsecureCerts: false, browserName: chrome, browserVersion: 110.0.5481.178, chrome: {chromedriverVersion: 110.0.5481.77 (65ed616c6e8e..., userDataDir: C:\Program Files (x86)\scop...}, goog:chromeOptions: {debuggerAddress: localhost:65379}, javascriptEnabled: true, networkConnectionEnabled: false, pageLoadStrategy: normal, platform: WINDOWS, platformName: WINDOWS, proxy: Proxy(), setWindowRect: true, strictFileInteractability: false, timeouts: {implicit: 0, pageLoad: 300000, script: 30000}, unhandledPromptBehavior: dismiss and notify, webauthn:extension:credBlob: true, webauthn:extension:largeBlob: true, webauthn:virtualAuthenticators: true}
Session ID: a614907f3b71b3abcff75ab9c18f8009
<br>]]>
    </line>
  </reporter-output>
  <suite name="OrangeHRM - Admin" duration-ms="47281" started-at="2023-03-07T12:52:58Z" finished-at="2023-03-07T12:53:45Z">
    <groups>
    </groups>
    <test name="run on CHROME" duration-ms="47281" started-at="2023-03-07T12:52:58Z" finished-at="2023-03-07T12:53:45Z">
      <class name="com.orangehrm.employee.Employee_01_Add_Edit_Employee_User">
        <test-method status="PASS" signature="beforeClass(java.lang.String, java.lang.String)[pri:0, instance:com.orangehrm.employee.Employee_01_Add_Edit_Employee_User@3dd4520b]" name="beforeClass" is-config="true" duration-ms="15586" started-at="2023-03-07T12:52:58Z" finished-at="2023-03-07T12:53:14Z">
          <params>
            <param index="0">
              <value>
                <![CDATA[chrome]]>
              </value>
            </param>
            <param index="1">
              <value>
                <![CDATA[https://opensource-demo.orangehrmlive.com/]]>
              </value>
            </param>
          </params>
          <reporter-output>
            <line>
              <![CDATA[[INFO ] [2023-03-07 19:53:12,691] Pre-Condition - Step 01: Input to Username textbox
<br>]]>
            </line>
            <line>
              <![CDATA[[INFO ] [2023-03-07 19:53:13,793] Pre-Condition - Step 02: Input to Password textbox
<br>]]>
            </line>
            <line>
              <![CDATA[[INFO ] [2023-03-07 19:53:13,998] Pre-Condition - Step 03: Click to Login button
<br>]]>
            </line>
          </reporter-output>
        </test-method> <!-- beforeClass -->
        <test-method status="FAIL" signature="Employee_01_Add_Employee()[pri:0, instance:com.orangehrm.employee.Employee_01_Add_Edit_Employee_User@3dd4520b]" name="Employee_01_Add_Employee" duration-ms="31513" started-at="2023-03-07T12:53:14Z" finished-at="2023-03-07T12:53:45Z">
          <exception class="org.openqa.selenium.TimeoutException">
            <message>
              <![CDATA[Expected condition failed: waiting for element to be clickable: By.xpath: //span[text()='PIM'] (tried for 30 second(s) with 500 milliseconds interval)]]>
            </message>
            <full-stacktrace>
              <![CDATA[org.openqa.selenium.TimeoutException: Expected condition failed: waiting for element to be clickable: By.xpath: //span[text()='PIM'] (tried for 30 second(s) with 500 milliseconds interval)
at org.openqa.selenium.support.ui.WebDriverWait.timeoutException(WebDriverWait.java:95)
at org.openqa.selenium.support.ui.FluentWait.until(FluentWait.java:272)
at commons.BasePage.waitForElementClickable(BasePage.java:412)
at commons.BasePage.openMenuPageByName(BasePage.java:440)
at com.orangehrm.employee.Employee_01_Add_Edit_Employee_User.Employee_01_Add_Employee(Employee_01_Add_Edit_Employee_User.java:58)
at sun.reflect.NativeMethodAccessorImpl.invoke0(Native Method)
at sun.reflect.NativeMethodAccessorImpl.invoke(Unknown Source)
at sun.reflect.DelegatingMethodAccessorImpl.invoke(Unknown Source)
at java.lang.reflect.Method.invoke(Unknown Source)
at org.testng.internal.MethodInvocationHelper.invokeMethod(MethodInvocationHelper.java:124)
at org.testng.internal.Invoker.invokeMethod(Invoker.java:583)
at org.testng.internal.Invoker.invokeTestMethod(Invoker.java:719)
at org.testng.internal.Invoker.invokeTestMethods(Invoker.java:989)
at org.testng.internal.TestMethodWorker.invokeTestMethods(TestMethodWorker.java:125)
at org.testng.internal.TestMethodWorker.run(TestMethodWorker.java:109)
at org.testng.TestRunner.privateRun(TestRunner.java:648)
at org.testng.TestRunner.run(TestRunner.java:505)
at org.testng.SuiteRunner.runTest(SuiteRunner.java:455)
at org.testng.SuiteRunner.runSequentially(SuiteRunner.java:450)
at org.testng.SuiteRunner.privateRun(SuiteRunner.java:415)
at org.testng.SuiteRunner.run(SuiteRunner.java:364)
at org.testng.SuiteRunnerWorker.runSuite(SuiteRunnerWorker.java:52)
at org.testng.SuiteRunnerWorker.run(SuiteRunnerWorker.java:84)
at org.testng.TestNG.runSuitesSequentially(TestNG.java:1208)
at org.testng.TestNG.runSuitesLocally(TestNG.java:1137)
at org.testng.TestNG.runSuites(TestNG.java:1049)
at org.testng.TestNG.run(TestNG.java:1017)
at org.testng.remote.AbstractRemoteTestNG.run(AbstractRemoteTestNG.java:115)
at org.testng.remote.RemoteTestNG.initAndRun(RemoteTestNG.java:251)
at org.testng.remote.RemoteTestNG.main(RemoteTestNG.java:77)
Caused by: org.openqa.selenium.NoSuchElementException: Cannot locate an element using xpath=//span[text()='PIM']
For documentation on this error, please visit: https://www.seleniumhq.org/exceptions/no_such_element.html
Build info: version: '3.141.59', revision: 'e82be7d358', time: '2018-11-14T08:25:53'
System info: host: 'DESKTOP-KFK5AMQ', ip: '192.168.1.103', os.name: 'Windows 10', os.arch: 'amd64', os.version: '10.0', java.version: '1.8.0_271'
Driver info: driver.version: RemoteWebDriver
at org.openqa.selenium.remote.RemoteWebDriver.findElement(RemoteWebDriver.java:327)
at org.openqa.selenium.remote.RemoteWebDriver.findElementByXPath(RemoteWebDriver.java:428)
at org.openqa.selenium.By$ByXPath.findElement(By.java:353)
at org.openqa.selenium.remote.RemoteWebDriver.findElement(RemoteWebDriver.java:315)
at org.openqa.selenium.support.ui.ExpectedConditions$7.apply(ExpectedConditions.java:205)
at org.openqa.selenium.support.ui.ExpectedConditions$7.apply(ExpectedConditions.java:201)
at org.openqa.selenium.support.ui.ExpectedConditions$22.apply(ExpectedConditions.java:641)
at org.openqa.selenium.support.ui.ExpectedConditions$22.apply(ExpectedConditions.java:638)
at org.openqa.selenium.support.ui.FluentWait.until(FluentWait.java:249)
... 28 more
]]>
            </full-stacktrace>
          </exception> <!-- org.openqa.selenium.TimeoutException -->
          <reporter-output>
            <line>
              <![CDATA[[INFO ] [2023-03-07 19:53:14,178] Add Employee - Step 01: Click to PIM link
<br>]]>
            </line>
          </reporter-output>
        </test-method> <!-- Employee_01_Add_Employee -->
        <test-method status="PASS" signature="Employee_02_Search_Employee()[pri:0, instance:com.orangehrm.employee.Employee_01_Add_Edit_Employee_User@3dd4520b]" name="Employee_02_Search_Employee" duration-ms="0" started-at="2023-03-07T12:53:45Z" finished-at="2023-03-07T12:53:45Z">
          <reporter-output>
          </reporter-output>
        </test-method> <!-- Employee_02_Search_Employee -->
        <test-method status="FAIL" signature="Employee_03_Edit_Employee_By_Personal()[pri:0, instance:com.orangehrm.employee.Employee_01_Add_Edit_Employee_User@3dd4520b]" name="Employee_03_Edit_Employee_By_Personal" duration-ms="12" started-at="2023-03-07T12:53:45Z" finished-at="2023-03-07T12:53:45Z">
          <exception class="java.lang.NullPointerException">
            <full-stacktrace>
              <![CDATA[java.lang.NullPointerException
at com.orangehrm.employee.Employee_01_Add_Edit_Employee_User.Employee_03_Edit_Employee_By_Personal(Employee_01_Add_Edit_Employee_User.java:89)
at sun.reflect.NativeMethodAccessorImpl.invoke0(Native Method)
at sun.reflect.NativeMethodAccessorImpl.invoke(Unknown Source)
at sun.reflect.DelegatingMethodAccessorImpl.invoke(Unknown Source)
at java.lang.reflect.Method.invoke(Unknown Source)
at org.testng.internal.MethodInvocationHelper.invokeMethod(MethodInvocationHelper.java:124)
at org.testng.internal.Invoker.invokeMethod(Invoker.java:583)
at org.testng.internal.Invoker.invokeTestMethod(Invoker.java:719)
at org.testng.internal.Invoker.invokeTestMethods(Invoker.java:989)
at org.testng.internal.TestMethodWorker.invokeTestMethods(TestMethodWorker.java:125)
at org.testng.internal.TestMethodWorker.run(TestMethodWorker.java:109)
at org.testng.TestRunner.privateRun(TestRunner.java:648)
at org.testng.TestRunner.run(TestRunner.java:505)
at org.testng.SuiteRunner.runTest(SuiteRunner.java:455)
at org.testng.SuiteRunner.runSequentially(SuiteRunner.java:450)
at org.testng.SuiteRunner.privateRun(SuiteRunner.java:415)
at org.testng.SuiteRunner.run(SuiteRunner.java:364)
at org.testng.SuiteRunnerWorker.runSuite(SuiteRunnerWorker.java:52)
at org.testng.SuiteRunnerWorker.run(SuiteRunnerWorker.java:84)
at org.testng.TestNG.runSuitesSequentially(TestNG.java:1208)
at org.testng.TestNG.runSuitesLocally(TestNG.java:1137)
at org.testng.TestNG.runSuites(TestNG.java:1049)
at org.testng.TestNG.run(TestNG.java:1017)
at org.testng.remote.AbstractRemoteTestNG.run(AbstractRemoteTestNG.java:115)
at org.testng.remote.RemoteTestNG.initAndRun(RemoteTestNG.java:251)
at org.testng.remote.RemoteTestNG.main(RemoteTestNG.java:77)
]]>
            </full-stacktrace>
          </exception> <!-- java.lang.NullPointerException -->
          <reporter-output>
            <line>
              <![CDATA[[INFO ] [2023-03-07 19:53:45,685] Edit Employee - Step 01: Enter to 'First Name' textbox with new value: Selenium98987
<br>]]>
            </line>
          </reporter-output>
        </test-method> <!-- Employee_03_Edit_Employee_By_Personal -->
        <test-method status="PASS" signature="Employee_07_Add_User_To_Employee()[pri:0, instance:com.orangehrm.employee.Employee_01_Add_Edit_Employee_User@3dd4520b]" name="Employee_07_Add_User_To_Employee" duration-ms="0" started-at="2023-03-07T12:53:45Z" finished-at="2023-03-07T12:53:45Z">
          <reporter-output>
          </reporter-output>
        </test-method> <!-- Employee_07_Add_User_To_Employee -->
        <test-method status="PASS" signature="Employee_08_Search_User()[pri:0, instance:com.orangehrm.employee.Employee_01_Add_Edit_Employee_User@3dd4520b]" name="Employee_08_Search_User" duration-ms="0" started-at="2023-03-07T12:53:45Z" finished-at="2023-03-07T12:53:45Z">
          <reporter-output>
          </reporter-output>
        </test-method> <!-- Employee_08_Search_User -->
        <test-method status="PASS" signature="Employee_09_Delete_User()[pri:0, instance:com.orangehrm.employee.Employee_01_Add_Edit_Employee_User@3dd4520b]" name="Employee_09_Delete_User" duration-ms="0" started-at="2023-03-07T12:53:45Z" finished-at="2023-03-07T12:53:45Z">
          <reporter-output>
          </reporter-output>
        </test-method> <!-- Employee_09_Delete_User -->
        <test-method status="PASS" signature="Employee_04_Edit_Employee_By_Contact()[pri:0, instance:com.orangehrm.employee.Employee_01_Add_Edit_Employee_User@3dd4520b]" name="Employee_04_Edit_Employee_By_Contact" duration-ms="0" started-at="2023-03-07T12:53:45Z" finished-at="2023-03-07T12:53:45Z">
          <reporter-output>
          </reporter-output>
        </test-method> <!-- Employee_04_Edit_Employee_By_Contact -->
        <test-method status="PASS" signature="Employee_05_Edit_Employee_By_Job()[pri:0, instance:com.orangehrm.employee.Employee_01_Add_Edit_Employee_User@3dd4520b]" name="Employee_05_Edit_Employee_By_Job" duration-ms="0" started-at="2023-03-07T12:53:45Z" finished-at="2023-03-07T12:53:45Z">
          <reporter-output>
          </reporter-output>
        </test-method> <!-- Employee_05_Edit_Employee_By_Job -->
        <test-method status="PASS" signature="Employee_06_Edit_Employee_By_Salary()[pri:0, instance:com.orangehrm.employee.Employee_01_Add_Edit_Employee_User@3dd4520b]" name="Employee_06_Edit_Employee_By_Salary" duration-ms="0" started-at="2023-03-07T12:53:45Z" finished-at="2023-03-07T12:53:45Z">
          <reporter-output>
          </reporter-output>
        </test-method> <!-- Employee_06_Edit_Employee_By_Salary -->
        <test-method status="PASS" signature="afterClass()[pri:0, instance:com.orangehrm.employee.Employee_01_Add_Edit_Employee_User@3dd4520b]" name="afterClass" is-config="true" duration-ms="129" started-at="2023-03-07T12:53:45Z" finished-at="2023-03-07T12:53:45Z">
          <reporter-output>
            <line>
              <![CDATA[[INFO ] [2023-03-07 19:53:45,715] OS name = windows 10
<br>]]>
            </line>
            <line>
              <![CDATA[[INFO ] [2023-03-07 19:53:45,715] Driver instance name = windows 10
<br>]]>
            </line>
            <line>
              <![CDATA[[INFO ] [2023-03-07 19:53:45,730] no such window: target window already closed
from unknown error: web view not found
  (Session info: chrome=110.0.5481.178)
Build info: version: '3.141.59', revision: 'e82be7d358', time: '2018-11-14T08:25:53'
System info: host: 'DESKTOP-KFK5AMQ', ip: '192.168.1.103', os.name: 'Windows 10', os.arch: 'amd64', os.version: '10.0', java.version: '1.8.0_271'
Driver info: org.openqa.selenium.chrome.ChromeDriver
Capabilities {acceptInsecureCerts: false, browserName: chrome, browserVersion: 110.0.5481.178, chrome: {chromedriverVersion: 110.0.5481.77 (65ed616c6e8e..., userDataDir: C:\Program Files (x86)\scop...}, goog:chromeOptions: {debuggerAddress: localhost:65379}, javascriptEnabled: true, networkConnectionEnabled: false, pageLoadStrategy: normal, platform: WINDOWS, platformName: WINDOWS, proxy: Proxy(), setWindowRect: true, strictFileInteractability: false, timeouts: {implicit: 0, pageLoad: 300000, script: 30000}, unhandledPromptBehavior: dismiss and notify, webauthn:extension:credBlob: true, webauthn:extension:largeBlob: true, webauthn:virtualAuthenticators: true}
Session ID: a614907f3b71b3abcff75ab9c18f8009
<br>]]>
            </line>
          </reporter-output>
        </test-method> <!-- afterClass -->
        <test-method status="PASS" signature="Employee_10_Delete_Employee()[pri:0, instance:com.orangehrm.employee.Employee_01_Add_Edit_Employee_User@3dd4520b]" name="Employee_10_Delete_Employee" duration-ms="0" started-at="2023-03-07T12:53:45Z" finished-at="2023-03-07T12:53:45Z">
          <reporter-output>
          </reporter-output>
        </test-method> <!-- Employee_10_Delete_Employee -->
      </class> <!-- com.orangehrm.employee.Employee_01_Add_Edit_Employee_User -->
    </test> <!-- run on CHROME -->
  </suite> <!-- OrangeHRM - Admin -->
</testng-results>
