<html>
<head>
<title>TestNG:  run on CHROME</title>
<link href="../testng.css" rel="stylesheet" type="text/css" />
<link href="../my-testng.css" rel="stylesheet" type="text/css" />

<style type="text/css">
.log { display: none;} 
.stack-trace { display: none;} 
</style>
<script type="text/javascript">
<!--
function flip(e) {
  current = e.style.display;
  if (current == 'block') {
    e.style.display = 'none';
    return 0;
  }
  else {
    e.style.display = 'block';
    return 1;
  }
}

function toggleBox(szDivId, elem, msg1, msg2)
{
  var res = -1;  if (document.getElementById) {
    res = flip(document.getElementById(szDivId));
  }
  else if (document.all) {
    // this is the way old msie versions work
    res = flip(document.all[szDivId]);
  }
  if(elem) {
    if(res == 0) elem.innerHTML = msg1; else elem.innerHTML = msg2;
  }

}

function toggleAllBoxes() {
  if (document.getElementsByTagName) {
    d = document.getElementsByTagName('div');
    for (i = 0; i < d.length; i++) {
      if (d[i].className == 'log') {
        flip(d[i]);
      }
    }
  }
}

// -->
</script>

</head>
<body>
<h2 align='center'>run on CHROME</h2><table border='1' align="center">
<tr>
<td>Tests passed/Failed/Skipped:</td><td>8/2/0</td>
</tr><tr>
<td>Started on:</td><td>Tue Mar 07 19:52:58 ICT 2023</td>
</tr>
<tr><td>Total time:</td><td>47 seconds (47281 ms)</td>
</tr><tr>
<td>Included groups:</td><td></td>
</tr><tr>
<td>Excluded groups:</td><td></td>
</tr>
</table><p/>
<small><i>(Hover the method name to see the test class name)</i></small><p/>
<table width='100%' border='1' class='invocation-failed'>
<tr><td colspan='4' align='center'><b>FAILED TESTS</b></td></tr>
<tr><td><b>Test method</b></td>
<td width="30%"><b>Exception</b></td>
<td width="10%"><b>Time (seconds)</b></td>
<td><b>Instance</b></td>
</tr>
<tr>
<td title='com.orangehrm.employee.Employee_01_Add_Edit_Employee_User.Employee_01_Add_Employee()'><b>Employee_01_Add_Employee</b><br>Test class: com.orangehrm.employee.Employee_01_Add_Edit_Employee_User<br/>
<a href="#Output-172678484" onClick='toggleBox("Output-172678484", this, "Show output", "Hide output");'>Show output</a>

<a href="#Output-172678484" onClick="toggleAllBoxes();">Show all outputs</a>
<div class='log' id="Output-172678484">
[INFO ] [2023-03-07 19:53:14,178] Add Employee - Step 01: Click to PIM link
<br><br/>
</div>
</td>
<td><div><pre>org.openqa.selenium.TimeoutException: Expected condition failed: waiting for element to be clickable: By.xpath: //span[text()=&apos;PIM&apos;] (tried for 30 second(s) with 500 milliseconds interval)
	at org.openqa.selenium.support.ui.WebDriverWait.timeoutException(WebDriverWait.java:95)
	at org.openqa.selenium.support.ui.FluentWait.until(FluentWait.java:272)
	at commons.BasePage.waitForElementClickable(BasePage.java:412)
	at commons.BasePage.openMenuPageByName(BasePage.java:440)
	at com.orangehrm.employee.Employee_01_Add_Edit_Employee_User.Employee_01_Add_Employee(Employee_01_Add_Edit_Employee_User.java:58)
Caused by: org.openqa.selenium.NoSuchElementException: Cannot locate an element using xpath=//span[text()=&apos;PIM&apos;]
For documentation on this error, please visit: https://www.seleniumhq.org/exceptions/no_such_element.html
Build info: version: &apos;3.141.59&apos;, revision: &apos;e82be7d358&apos;, time: &apos;2018-11-14T08:25:53&apos;
System info: host: &apos;DESKTOP-KFK5AMQ&apos;, ip: &apos;192.168.1.103&apos;, os.name: &apos;Windows 10&apos;, os.arch: &apos;amd64&apos;, os.version: &apos;10.0&apos;, java.version: &apos;1.8.0_271&apos;
Driver info: driver.version: RemoteWebDriver
	at org.openqa.selenium.remote.RemoteWebDriver.findElement(RemoteWebDriver.java:327)
	at org.openqa.selenium.remote.RemoteWebDriver.findElementByXPath(RemoteWebDriver.java:428)
	at org.openqa.selenium.By$ByXPath.findElement(By.java:353)
	at org.openqa.selenium.remote.RemoteWebDriver.findElement(RemoteWebDriver.java:315)
	at org.openqa.selenium.support.ui.ExpectedConditions$7.apply(ExpectedConditions.java:205)
	at org.openqa.selenium.support.ui.ExpectedConditions$7.apply(ExpectedConditions.java:201)
	at org.openqa.selenium.support.ui.ExpectedConditions$22.apply(ExpectedConditions.java:641)
	at org.openqa.selenium.support.ui.ExpectedConditions$22.apply(ExpectedConditions.java:638)
	at org.openqa.selenium.support.ui.FluentWait.until(FluentWait.java:249)
	... 28 more
... Removed 25 stack frames</pre></div><a href='#' onClick='toggleBox("stack-trace172678484", this, "Click to show all stack frames", "Click to hide stack frames")'>Click to show all stack frames</a>
<div class='stack-trace' id='stack-trace172678484'><pre>org.openqa.selenium.TimeoutException: Expected condition failed: waiting for element to be clickable: By.xpath: //span[text()=&apos;PIM&apos;] (tried for 30 second(s) with 500 milliseconds interval)
	at org.openqa.selenium.support.ui.WebDriverWait.timeoutException(WebDriverWait.java:95)
	at org.openqa.selenium.support.ui.FluentWait.until(FluentWait.java:272)
	at commons.BasePage.waitForElementClickable(BasePage.java:412)
	at commons.BasePage.openMenuPageByName(BasePage.java:440)
	at com.orangehrm.employee.Employee_01_Add_Edit_Employee_User.Employee_01_Add_Employee(Employee_01_Add_Edit_Employee_User.java:58)
	at sun.reflect.NativeMethodAccessorImpl.invoke0(Native Method)
	at sun.reflect.NativeMethodAccessorImpl.invoke(Unknown Source)
	at sun.reflect.DelegatingMethodAccessorImpl.invoke(Unknown Source)
	at java.lang.reflect.Method.invoke(Unknown Source)
	at org.testng.internal.MethodInvocationHelper.invokeMethod(MethodInvocationHelper.java:124)
	at org.testng.internal.Invoker.invokeMethod(Invoker.java:583)
	at org.testng.internal.Invoker.invokeTestMethod(Invoker.java:719)
	at org.testng.internal.Invoker.invokeTestMethods(Invoker.java:989)
	at org.testng.internal.TestMethodWorker.invokeTestMethods(TestMethodWorker.java:125)
	at org.testng.internal.TestMethodWorker.run(TestMethodWorker.java:109)
	at org.testng.TestRunner.privateRun(TestRunner.java:648)
	at org.testng.TestRunner.run(TestRunner.java:505)
	at org.testng.SuiteRunner.runTest(SuiteRunner.java:455)
	at org.testng.SuiteRunner.runSequentially(SuiteRunner.java:450)
	at org.testng.SuiteRunner.privateRun(SuiteRunner.java:415)
	at org.testng.SuiteRunner.run(SuiteRunner.java:364)
	at org.testng.SuiteRunnerWorker.runSuite(SuiteRunnerWorker.java:52)
	at org.testng.SuiteRunnerWorker.run(SuiteRunnerWorker.java:84)
	at org.testng.TestNG.runSuitesSequentially(TestNG.java:1208)
	at org.testng.TestNG.runSuitesLocally(TestNG.java:1137)
	at org.testng.TestNG.runSuites(TestNG.java:1049)
	at org.testng.TestNG.run(TestNG.java:1017)
	at org.testng.remote.AbstractRemoteTestNG.run(AbstractRemoteTestNG.java:115)
	at org.testng.remote.RemoteTestNG.initAndRun(RemoteTestNG.java:251)
	at org.testng.remote.RemoteTestNG.main(RemoteTestNG.java:77)
Caused by: org.openqa.selenium.NoSuchElementException: Cannot locate an element using xpath=//span[text()=&apos;PIM&apos;]
For documentation on this error, please visit: https://www.seleniumhq.org/exceptions/no_such_element.html
Build info: version: &apos;3.141.59&apos;, revision: &apos;e82be7d358&apos;, time: &apos;2018-11-14T08:25:53&apos;
System info: host: &apos;DESKTOP-KFK5AMQ&apos;, ip: &apos;192.168.1.103&apos;, os.name: &apos;Windows 10&apos;, os.arch: &apos;amd64&apos;, os.version: &apos;10.0&apos;, java.version: &apos;1.8.0_271&apos;
Driver info: driver.version: RemoteWebDriver
	at org.openqa.selenium.remote.RemoteWebDriver.findElement(RemoteWebDriver.java:327)
	at org.openqa.selenium.remote.RemoteWebDriver.findElementByXPath(RemoteWebDriver.java:428)
	at org.openqa.selenium.By$ByXPath.findElement(By.java:353)
	at org.openqa.selenium.remote.RemoteWebDriver.findElement(RemoteWebDriver.java:315)
	at org.openqa.selenium.support.ui.ExpectedConditions$7.apply(ExpectedConditions.java:205)
	at org.openqa.selenium.support.ui.ExpectedConditions$7.apply(ExpectedConditions.java:201)
	at org.openqa.selenium.support.ui.ExpectedConditions$22.apply(ExpectedConditions.java:641)
	at org.openqa.selenium.support.ui.ExpectedConditions$22.apply(ExpectedConditions.java:638)
	at org.openqa.selenium.support.ui.FluentWait.until(FluentWait.java:249)
	... 28 more
</pre></div></td>
<td>31</td>
<td>com.orangehrm.employee.Employee_01_Add_Edit_Employee_User@3dd4520b</td></tr>
<tr>
<td title='com.orangehrm.employee.Employee_01_Add_Edit_Employee_User.Employee_03_Edit_Employee_By_Personal()'><b>Employee_03_Edit_Employee_By_Personal</b><br>Test class: com.orangehrm.employee.Employee_01_Add_Edit_Employee_User<br/>
<a href="#Output-669965156" onClick='toggleBox("Output-669965156", this, "Show output", "Hide output");'>Show output</a>

<a href="#Output-669965156" onClick="toggleAllBoxes();">Show all outputs</a>
<div class='log' id="Output-669965156">
[INFO ] [2023-03-07 19:53:45,685] Edit Employee - Step 01: Enter to 'First Name' textbox with new value: Selenium98987
<br><br/>
</div>
</td>
<td><div><pre>java.lang.NullPointerException
	at com.orangehrm.employee.Employee_01_Add_Edit_Employee_User.Employee_03_Edit_Employee_By_Personal(Employee_01_Add_Edit_Employee_User.java:89)
... Removed 25 stack frames</pre></div><a href='#' onClick='toggleBox("stack-trace669965156", this, "Click to show all stack frames", "Click to hide stack frames")'>Click to show all stack frames</a>
<div class='stack-trace' id='stack-trace669965156'><pre>java.lang.NullPointerException
	at com.orangehrm.employee.Employee_01_Add_Edit_Employee_User.Employee_03_Edit_Employee_By_Personal(Employee_01_Add_Edit_Employee_User.java:89)
	at sun.reflect.NativeMethodAccessorImpl.invoke0(Native Method)
	at sun.reflect.NativeMethodAccessorImpl.invoke(Unknown Source)
	at sun.reflect.DelegatingMethodAccessorImpl.invoke(Unknown Source)
	at java.lang.reflect.Method.invoke(Unknown Source)
	at org.testng.internal.MethodInvocationHelper.invokeMethod(MethodInvocationHelper.java:124)
	at org.testng.internal.Invoker.invokeMethod(Invoker.java:583)
	at org.testng.internal.Invoker.invokeTestMethod(Invoker.java:719)
	at org.testng.internal.Invoker.invokeTestMethods(Invoker.java:989)
	at org.testng.internal.TestMethodWorker.invokeTestMethods(TestMethodWorker.java:125)
	at org.testng.internal.TestMethodWorker.run(TestMethodWorker.java:109)
	at org.testng.TestRunner.privateRun(TestRunner.java:648)
	at org.testng.TestRunner.run(TestRunner.java:505)
	at org.testng.SuiteRunner.runTest(SuiteRunner.java:455)
	at org.testng.SuiteRunner.runSequentially(SuiteRunner.java:450)
	at org.testng.SuiteRunner.privateRun(SuiteRunner.java:415)
	at org.testng.SuiteRunner.run(SuiteRunner.java:364)
	at org.testng.SuiteRunnerWorker.runSuite(SuiteRunnerWorker.java:52)
	at org.testng.SuiteRunnerWorker.run(SuiteRunnerWorker.java:84)
	at org.testng.TestNG.runSuitesSequentially(TestNG.java:1208)
	at org.testng.TestNG.runSuitesLocally(TestNG.java:1137)
	at org.testng.TestNG.runSuites(TestNG.java:1049)
	at org.testng.TestNG.run(TestNG.java:1017)
	at org.testng.remote.AbstractRemoteTestNG.run(AbstractRemoteTestNG.java:115)
	at org.testng.remote.RemoteTestNG.initAndRun(RemoteTestNG.java:251)
	at org.testng.remote.RemoteTestNG.main(RemoteTestNG.java:77)
</pre></div></td>
<td>0</td>
<td>com.orangehrm.employee.Employee_01_Add_Edit_Employee_User@3dd4520b</td></tr>
</table><p>
<table width='100%' border='1' class='invocation-passed'>
<tr><td colspan='4' align='center'><b>PASSED TESTS</b></td></tr>
<tr><td><b>Test method</b></td>
<td width="30%"><b>Exception</b></td>
<td width="10%"><b>Time (seconds)</b></td>
<td><b>Instance</b></td>
</tr>
<tr>
<td title='com.orangehrm.employee.Employee_01_Add_Edit_Employee_User.Employee_02_Search_Employee()'><b>Employee_02_Search_Employee</b><br>Test class: com.orangehrm.employee.Employee_01_Add_Edit_Employee_User</td>
<td></td>
<td>0</td>
<td>com.orangehrm.employee.Employee_01_Add_Edit_Employee_User@3dd4520b</td></tr>
<tr>
<td title='com.orangehrm.employee.Employee_01_Add_Edit_Employee_User.Employee_04_Edit_Employee_By_Contact()'><b>Employee_04_Edit_Employee_By_Contact</b><br>Test class: com.orangehrm.employee.Employee_01_Add_Edit_Employee_User</td>
<td></td>
<td>0</td>
<td>com.orangehrm.employee.Employee_01_Add_Edit_Employee_User@3dd4520b</td></tr>
<tr>
<td title='com.orangehrm.employee.Employee_01_Add_Edit_Employee_User.Employee_05_Edit_Employee_By_Job()'><b>Employee_05_Edit_Employee_By_Job</b><br>Test class: com.orangehrm.employee.Employee_01_Add_Edit_Employee_User</td>
<td></td>
<td>0</td>
<td>com.orangehrm.employee.Employee_01_Add_Edit_Employee_User@3dd4520b</td></tr>
<tr>
<td title='com.orangehrm.employee.Employee_01_Add_Edit_Employee_User.Employee_06_Edit_Employee_By_Salary()'><b>Employee_06_Edit_Employee_By_Salary</b><br>Test class: com.orangehrm.employee.Employee_01_Add_Edit_Employee_User</td>
<td></td>
<td>0</td>
<td>com.orangehrm.employee.Employee_01_Add_Edit_Employee_User@3dd4520b</td></tr>
<tr>
<td title='com.orangehrm.employee.Employee_01_Add_Edit_Employee_User.Employee_07_Add_User_To_Employee()'><b>Employee_07_Add_User_To_Employee</b><br>Test class: com.orangehrm.employee.Employee_01_Add_Edit_Employee_User</td>
<td></td>
<td>0</td>
<td>com.orangehrm.employee.Employee_01_Add_Edit_Employee_User@3dd4520b</td></tr>
<tr>
<td title='com.orangehrm.employee.Employee_01_Add_Edit_Employee_User.Employee_08_Search_User()'><b>Employee_08_Search_User</b><br>Test class: com.orangehrm.employee.Employee_01_Add_Edit_Employee_User</td>
<td></td>
<td>0</td>
<td>com.orangehrm.employee.Employee_01_Add_Edit_Employee_User@3dd4520b</td></tr>
<tr>
<td title='com.orangehrm.employee.Employee_01_Add_Edit_Employee_User.Employee_09_Delete_User()'><b>Employee_09_Delete_User</b><br>Test class: com.orangehrm.employee.Employee_01_Add_Edit_Employee_User</td>
<td></td>
<td>0</td>
<td>com.orangehrm.employee.Employee_01_Add_Edit_Employee_User@3dd4520b</td></tr>
<tr>
<td title='com.orangehrm.employee.Employee_01_Add_Edit_Employee_User.Employee_10_Delete_Employee()'><b>Employee_10_Delete_Employee</b><br>Test class: com.orangehrm.employee.Employee_01_Add_Edit_Employee_User</td>
<td></td>
<td>0</td>
<td>com.orangehrm.employee.Employee_01_Add_Edit_Employee_User@3dd4520b</td></tr>
</table><p>
</body>
</html>