<?xml version="1.0" encoding="UTF-8"?>
<!-- Generated by org.testng.reporters.JUnitXMLReporter -->
<testsuite hostname="DESKTOP-KFK5AMQ" ignored="0" name="run on CHROME" tests="10" failures="2" timestamp="07 Mar 2023 12:53:45 GMT" time="47.281" errors="0">
  <testcase name="Employee_01_Add_Employee" time="31.513" classname="com.orangehrm.employee.Employee_01_Add_Edit_Employee_User">
    <failure type="org.openqa.selenium.TimeoutException" message="Expected condition failed: waiting for element to be clickable: By.xpath: //span[text()=&amp;apos;PIM&amp;apos;] (tried for 30 second(s) with 500 milliseconds interval)">
      <![CDATA[org.openqa.selenium.TimeoutException: Expected condition failed: waiting for element to be clickable: By.xpath: //span[text()='PIM'] (tried for 30 second(s) with 500 milliseconds interval)
at org.openqa.selenium.support.ui.WebDriverWait.timeoutException(WebDriverWait.java:95)
at org.openqa.selenium.support.ui.FluentWait.until(FluentWait.java:272)
at commons.BasePage.waitForElementClickable(BasePage.java:412)
at commons.BasePage.openMenuPageByName(BasePage.java:440)
at com.orangehrm.employee.Employee_01_Add_Edit_Employee_User.Employee_01_Add_Employee(Employee_01_Add_Edit_Employee_User.java:58)
Caused by: org.openqa.selenium.NoSuchElementException: Cannot locate an element using xpath=//span[text()='PIM']
For documentation on this error, please visit: https://www.seleniumhq.org/exceptions/no_such_element.html
Build info: version: '3.141.59', revision: 'e82be7d358', time: '2018-11-14T08:25:53'
System info: host: 'DESKTOP-KFK5AMQ', ip: '192.168.1.103', os.name: 'Windows 10', os.arch: 'amd64', os.version: '10.0', java.version: '1.8.0_271'
Driver info: driver.version: RemoteWebDriver
at org.openqa.selenium.remote.RemoteWebDriver.findElement(RemoteWebDriver.java:327)
at org.openqa.selenium.remote.RemoteWebDriver.findElementByXPath(RemoteWebDriver.java:428)
at org.openqa.selenium.By$ByXPath.findElement(By.java:353)
at org.openqa.selenium.remote.RemoteWebDriver.findElement(RemoteWebDriver.java:315)
at org.openqa.selenium.support.ui.ExpectedConditions$7.apply(ExpectedConditions.java:205)
at org.openqa.selenium.support.ui.ExpectedConditions$7.apply(ExpectedConditions.java:201)
at org.openqa.selenium.support.ui.ExpectedConditions$22.apply(ExpectedConditions.java:641)
at org.openqa.selenium.support.ui.ExpectedConditions$22.apply(ExpectedConditions.java:638)
at org.openqa.selenium.support.ui.FluentWait.until(FluentWait.java:249)
... 28 more
... Removed 25 stack frames]]>
    </failure>
  </testcase> <!-- Employee_01_Add_Employee -->
  <testcase name="Employee_02_Search_Employee" time="0.0" classname="com.orangehrm.employee.Employee_01_Add_Edit_Employee_User"/>
  <testcase name="Employee_03_Edit_Employee_By_Personal" time="0.012" classname="com.orangehrm.employee.Employee_01_Add_Edit_Employee_User">
    <failure type="java.lang.NullPointerException">
      <![CDATA[java.lang.NullPointerException
at com.orangehrm.employee.Employee_01_Add_Edit_Employee_User.Employee_03_Edit_Employee_By_Personal(Employee_01_Add_Edit_Employee_User.java:89)
... Removed 25 stack frames]]>
    </failure>
  </testcase> <!-- Employee_03_Edit_Employee_By_Personal -->
  <testcase name="Employee_04_Edit_Employee_By_Contact" time="0.0" classname="com.orangehrm.employee.Employee_01_Add_Edit_Employee_User"/>
  <testcase name="Employee_05_Edit_Employee_By_Job" time="0.0" classname="com.orangehrm.employee.Employee_01_Add_Edit_Employee_User"/>
  <testcase name="Employee_06_Edit_Employee_By_Salary" time="0.0" classname="com.orangehrm.employee.Employee_01_Add_Edit_Employee_User"/>
  <testcase name="Employee_07_Add_User_To_Employee" time="0.0" classname="com.orangehrm.employee.Employee_01_Add_Edit_Employee_User"/>
  <testcase name="Employee_08_Search_User" time="0.0" classname="com.orangehrm.employee.Employee_01_Add_Edit_Employee_User"/>
  <testcase name="Employee_09_Delete_User" time="0.0" classname="com.orangehrm.employee.Employee_01_Add_Edit_Employee_User"/>
  <testcase name="Employee_10_Delete_Employee" time="0.0" classname="com.orangehrm.employee.Employee_01_Add_Edit_Employee_User"/>
</testsuite> <!-- run on CHROME -->
